mode: atomic
github.com/edgeobs/euno-platform/euno-go/pkg/capability/condition.go:83.51,83.85 1 3
github.com/edgeobs/euno-platform/euno-go/pkg/capability/condition.go:86.48,86.79 1 3
github.com/edgeobs/euno-platform/euno-go/pkg/capability/condition.go:89.58,89.99 1 3
github.com/edgeobs/euno-platform/euno-go/pkg/capability/condition.go:92.58,92.99 1 3
github.com/edgeobs/euno-platform/euno-go/pkg/capability/condition.go:95.54,95.91 1 3
github.com/edgeobs/euno-platform/euno-go/pkg/capability/condition.go:98.49,98.81 1 4
github.com/edgeobs/euno-platform/euno-go/pkg/capability/condition.go:101.56,101.95 1 4
github.com/edgeobs/euno-platform/euno-go/pkg/capability/condition.go:104.53,104.89 1 4
github.com/edgeobs/euno-platform/euno-go/pkg/capability/condition.go:107.47,107.77 1 3
github.com/edgeobs/euno-platform/euno-go/pkg/capability/condition.go:110.47,110.77 1 3
github.com/edgeobs/euno-platform/euno-go/pkg/capability/condition.go:113.60,113.90 1 1
github.com/edgeobs/euno-platform/euno-go/pkg/capability/condition.go:116.57,116.87 1 1
github.com/edgeobs/euno-platform/euno-go/pkg/capability/condition.go:119.67,119.97 1 1
github.com/edgeobs/euno-platform/euno-go/pkg/capability/condition.go:122.67,122.97 1 1
github.com/edgeobs/euno-platform/euno-go/pkg/capability/condition.go:125.63,125.93 1 1
github.com/edgeobs/euno-platform/euno-go/pkg/capability/condition.go:128.58,128.88 1 1
github.com/edgeobs/euno-platform/euno-go/pkg/capability/condition.go:131.65,131.95 1 1
github.com/edgeobs/euno-platform/euno-go/pkg/capability/condition.go:134.62,134.92 1 1
github.com/edgeobs/euno-platform/euno-go/pkg/capability/condition.go:137.56,137.86 1 1
github.com/edgeobs/euno-platform/euno-go/pkg/capability/condition.go:140.56,140.86 1 1
github.com/edgeobs/euno-platform/euno-go/pkg/capability/conditions.go:21.57,22.24 1 15
github.com/edgeobs/euno-platform/euno-go/pkg/capability/conditions.go:22.24,24.3 1 1
github.com/edgeobs/euno-platform/euno-go/pkg/capability/conditions.go:26.2,26.38 1 14
github.com/edgeobs/euno-platform/euno-go/pkg/capability/conditions.go:30.61,31.28 1 27
github.com/edgeobs/euno-platform/euno-go/pkg/capability/conditions.go:31.28,34.3 2 0
github.com/edgeobs/euno-platform/euno-go/pkg/capability/conditions.go:36.2,37.16 2 27
github.com/edgeobs/euno-platform/euno-go/pkg/capability/conditions.go:37.16,39.3 1 4
github.com/edgeobs/euno-platform/euno-go/pkg/capability/conditions.go:41.2,42.12 2 23
github.com/edgeobs/euno-platform/euno-go/pkg/capability/conditions.go:45.60,46.35 1 25
github.com/edgeobs/euno-platform/euno-go/pkg/capability/conditions.go:47.27,52.67 2 2
github.com/edgeobs/euno-platform/euno-go/pkg/capability/conditions.go:53.28,58.70 2 0
github.com/edgeobs/euno-platform/euno-go/pkg/capability/conditions.go:59.24,64.67 2 2
github.com/edgeobs/euno-platform/euno-go/pkg/capability/conditions.go:65.25,70.70 2 0
github.com/edgeobs/euno-platform/euno-go/pkg/capability/conditions.go:71.34,76.67 2 2
github.com/edgeobs/euno-platform/euno-go/pkg/capability/conditions.go:77.35,82.70 2 0
github.com/edgeobs/euno-platform/euno-go/pkg/capability/conditions.go:83.34,88.67 2 2
github.com/edgeobs/euno-platform/euno-go/pkg/capability/conditions.go:89.35,94.70 2 0
github.com/edgeobs/euno-platform/euno-go/pkg/capability/conditions.go:95.30,100.67 2 2
github.com/edgeobs/euno-platform/euno-go/pkg/capability/conditions.go:101.31,106.70 2 0
github.com/edgeobs/euno-platform/euno-go/pkg/capability/conditions.go:107.25,112.67 2 3
github.com/edgeobs/euno-platform/euno-go/pkg/capability/conditions.go:113.26,118.70 2 0
github.com/edgeobs/euno-platform/euno-go/pkg/capability/conditions.go:119.32,124.67 2 3
github.com/edgeobs/euno-platform/euno-go/pkg/capability/conditions.go:125.33,130.70 2 0
github.com/edgeobs/euno-platform/euno-go/pkg/capability/conditions.go:131.29,136.67 2 3
github.com/edgeobs/euno-platform/euno-go/pkg/capability/conditions.go:137.30,142.70 2 0
github.com/edgeobs/euno-platform/euno-go/pkg/capability/conditions.go:143.23,148.67 2 2
github.com/edgeobs/euno-platform/euno-go/pkg/capability/conditions.go:149.24,154.70 2 0
github.com/edgeobs/euno-platform/euno-go/pkg/capability/conditions.go:155.23,160.67 2 2
github.com/edgeobs/euno-platform/euno-go/pkg/capability/conditions.go:161.24,166.70 2 0
github.com/edgeobs/euno-platform/euno-go/pkg/capability/conditions.go:167.10,168.73 1 2
github.com/edgeobs/euno-platform/euno-go/pkg/capability/conditions.go:172.57,174.56 2 27
github.com/edgeobs/euno-platform/euno-go/pkg/capability/conditions.go:174.56,176.3 1 2
github.com/edgeobs/euno-platform/euno-go/pkg/capability/conditions.go:178.2,179.19 2 25
github.com/edgeobs/euno-platform/euno-go/pkg/capability/conditions.go:179.19,181.3 1 2
github.com/edgeobs/euno-platform/euno-go/pkg/capability/conditions.go:183.2,183.53 1 23
github.com/edgeobs/euno-platform/euno-go/pkg/capability/conditions.go:183.53,185.3 1 0
github.com/edgeobs/euno-platform/euno-go/pkg/capability/conditions.go:187.2,187.20 1 23
github.com/edgeobs/euno-platform/euno-go/pkg/capability/conditions.go:190.51,191.23 1 25
github.com/edgeobs/euno-platform/euno-go/pkg/capability/conditions.go:192.31,193.32 1 2
github.com/edgeobs/euno-platform/euno-go/pkg/capability/conditions.go:194.28,195.29 1 2
github.com/edgeobs/euno-platform/euno-go/pkg/capability/conditions.go:196.38,197.39 1 2
github.com/edgeobs/euno-platform/euno-go/pkg/capability/conditions.go:198.38,199.39 1 2
github.com/edgeobs/euno-platform/euno-go/pkg/capability/conditions.go:200.34,201.35 1 2
github.com/edgeobs/euno-platform/euno-go/pkg/capability/conditions.go:202.29,203.30 1 3
github.com/edgeobs/euno-platform/euno-go/pkg/capability/conditions.go:204.36,205.37 1 3
github.com/edgeobs/euno-platform/euno-go/pkg/capability/conditions.go:206.33,207.34 1 3
github.com/edgeobs/euno-platform/euno-go/pkg/capability/conditions.go:208.27,209.28 1 2
github.com/edgeobs/euno-platform/euno-go/pkg/capability/conditions.go:210.27,211.28 1 2
github.com/edgeobs/euno-platform/euno-go/pkg/capability/conditions.go:212.10,213.13 1 2
github.com/edgeobs/euno-platform/euno-go/pkg/capability/constraint.go:49.51,51.25 2 5
github.com/edgeobs/euno-platform/euno-go/pkg/capability/constraint.go:51.25,53.42 2 3
github.com/edgeobs/euno-platform/euno-go/pkg/capability/constraint.go:53.42,55.4 1 13
github.com/edgeobs/euno-platform/euno-go/pkg/capability/constraint.go:58.2,63.4 1 5
github.com/edgeobs/euno-platform/euno-go/pkg/capability/constraint.go:67.55,69.51 2 7
github.com/edgeobs/euno-platform/euno-go/pkg/capability/constraint.go:69.51,71.3 1 3
github.com/edgeobs/euno-platform/euno-go/pkg/capability/constraint.go:73.2,77.27 4 4
github.com/edgeobs/euno-platform/euno-go/pkg/capability/constraint.go:77.27,80.3 2 1
github.com/edgeobs/euno-platform/euno-go/pkg/capability/constraint.go:82.2,83.43 2 3
github.com/edgeobs/euno-platform/euno-go/pkg/capability/constraint.go:83.43,85.3 1 13
github.com/edgeobs/euno-platform/euno-go/pkg/capability/constraint.go:87.2,87.12 1 3
github.com/edgeobs/euno-platform/euno-go/pkg/capability/constraint.go:91.35,93.2 1 3
github.com/edgeobs/euno-platform/euno-go/pkg/capability/constraint.go:96.51,97.9 1 5
github.com/edgeobs/euno-platform/euno-go/pkg/capability/constraint.go:98.27,99.34 1 2
github.com/edgeobs/euno-platform/euno-go/pkg/capability/constraint.go:100.22,101.32 1 3
github.com/edgeobs/euno-platform/euno-go/pkg/capability/constraint.go:102.10,103.29 1 0
github.com/edgeobs/euno-platform/euno-go/pkg/capability/constraint.go:108.55,109.28 1 5
github.com/edgeobs/euno-platform/euno-go/pkg/capability/constraint.go:109.28,112.3 2 0
github.com/edgeobs/euno-platform/euno-go/pkg/capability/constraint.go:114.2,115.54 2 5
github.com/edgeobs/euno-platform/euno-go/pkg/capability/constraint.go:115.54,118.3 2 3
github.com/edgeobs/euno-platform/euno-go/pkg/capability/constraint.go:120.2,121.56 2 2
github.com/edgeobs/euno-platform/euno-go/pkg/capability/constraint.go:121.56,124.3 2 2
github.com/edgeobs/euno-platform/euno-go/pkg/capability/constraint.go:126.2,126.65 1 0
github.com/edgeobs/euno-platform/euno-go/pkg/capability/obligation.go:22.51,23.16 1 6
github.com/edgeobs/euno-platform/euno-go/pkg/capability/obligation.go:24.22,31.5 1 2
github.com/edgeobs/euno-platform/euno-go/pkg/capability/obligation.go:32.18,41.5 1 3
github.com/edgeobs/euno-platform/euno-go/pkg/capability/obligation.go:42.10,43.64 1 1
github.com/edgeobs/euno-platform/euno-go/pkg/capability/obligation.go:48.55,52.56 2 6
github.com/edgeobs/euno-platform/euno-go/pkg/capability/obligation.go:52.56,54.3 1 0
github.com/edgeobs/euno-platform/euno-go/pkg/capability/obligation.go:56.2,56.23 1 6
github.com/edgeobs/euno-platform/euno-go/pkg/capability/obligation.go:57.22,62.56 2 2
github.com/edgeobs/euno-platform/euno-go/pkg/capability/obligation.go:62.56,64.4 1 0
github.com/edgeobs/euno-platform/euno-go/pkg/capability/obligation.go:65.3,69.13 5 2
github.com/edgeobs/euno-platform/euno-go/pkg/capability/obligation.go:70.18,76.56 2 3
github.com/edgeobs/euno-platform/euno-go/pkg/capability/obligation.go:76.56,78.4 1 0
github.com/edgeobs/euno-platform/euno-go/pkg/capability/obligation.go:79.3,83.13 5 3
github.com/edgeobs/euno-platform/euno-go/pkg/capability/obligation.go:84.10,85.66 1 1
github.com/edgeobs/euno-platform/euno-go/pkg/config/loader.go:18.41,21.19 3 0
github.com/edgeobs/euno-platform/euno-go/pkg/config/loader.go:21.19,23.26 2 0
github.com/edgeobs/euno-platform/euno-go/pkg/config/loader.go:23.26,25.4 1 0
github.com/edgeobs/euno-platform/euno-go/pkg/config/loader.go:26.3,26.13 1 0
github.com/edgeobs/euno-platform/euno-go/pkg/config/loader.go:28.2,28.12 1 0
github.com/edgeobs/euno-platform/euno-go/pkg/config/loader.go:32.64,33.19 1 14
github.com/edgeobs/euno-platform/euno-go/pkg/config/loader.go:33.19,35.3 1 0
github.com/edgeobs/euno-platform/euno-go/pkg/config/loader.go:37.2,38.82 2 14
github.com/edgeobs/euno-platform/euno-go/pkg/config/loader.go:38.82,40.3 1 0
github.com/edgeobs/euno-platform/euno-go/pkg/config/loader.go:42.2,44.13 3 14
github.com/edgeobs/euno-platform/euno-go/pkg/config/loader.go:47.67,48.22 1 29
github.com/edgeobs/euno-platform/euno-go/pkg/config/loader.go:48.22,50.3 1 1
github.com/edgeobs/euno-platform/euno-go/pkg/config/loader.go:52.2,52.33 1 28
github.com/edgeobs/euno-platform/euno-go/pkg/config/loader.go:52.33,53.20 1 1
github.com/edgeobs/euno-platform/euno-go/pkg/config/loader.go:53.20,55.4 1 1
github.com/edgeobs/euno-platform/euno-go/pkg/config/loader.go:56.3,56.23 1 0
github.com/edgeobs/euno-platform/euno-go/pkg/config/loader.go:59.2,59.36 1 27
github.com/edgeobs/euno-platform/euno-go/pkg/config/loader.go:59.36,61.3 1 1
github.com/edgeobs/euno-platform/euno-go/pkg/config/loader.go:63.2,64.38 2 26
github.com/edgeobs/euno-platform/euno-go/pkg/config/loader.go:64.38,66.26 2 32
github.com/edgeobs/euno-platform/euno-go/pkg/config/loader.go:66.26,67.12 1 0
github.com/edgeobs/euno-platform/euno-go/pkg/config/loader.go:70.3,71.60 2 32
github.com/edgeobs/euno-platform/euno-go/pkg/config/loader.go:71.60,72.47 1 12
github.com/edgeobs/euno-platform/euno-go/pkg/config/loader.go:72.47,74.5 1 7
github.com/edgeobs/euno-platform/euno-go/pkg/config/loader.go:75.4,75.23 1 5
github.com/edgeobs/euno-platform/euno-go/pkg/config/loader.go:75.23,77.5 1 5
github.com/edgeobs/euno-platform/euno-go/pkg/config/loader.go:78.4,78.16 1 0
github.com/edgeobs/euno-platform/euno-go/pkg/config/loader.go:81.3,82.10 2 20
github.com/edgeobs/euno-platform/euno-go/pkg/config/loader.go:83.67,84.47 1 6
github.com/edgeobs/euno-platform/euno-go/pkg/config/loader.go:84.47,86.5 1 3
github.com/edgeobs/euno-platform/euno-go/pkg/config/loader.go:87.117,88.81 1 2
github.com/edgeobs/euno-platform/euno-go/pkg/config/loader.go:88.81,90.5 1 0
github.com/edgeobs/euno-platform/euno-go/pkg/config/loader.go:94.2,94.14 1 11
github.com/edgeobs/euno-platform/euno-go/pkg/config/loader.go:97.109,102.38 4 19
github.com/edgeobs/euno-platform/euno-go/pkg/config/loader.go:102.38,104.26 2 157
github.com/edgeobs/euno-platform/euno-go/pkg/config/loader.go:104.26,105.12 1 0
github.com/edgeobs/euno-platform/euno-go/pkg/config/loader.go:108.3,111.39 3 157
github.com/edgeobs/euno-platform/euno-go/pkg/config/loader.go:111.39,112.11 1 4
github.com/edgeobs/euno-platform/euno-go/pkg/config/loader.go:113.45,116.33 3 2
github.com/edgeobs/euno-platform/euno-go/pkg/config/loader.go:117.95,121.18 4 2
github.com/edgeobs/euno-platform/euno-go/pkg/config/loader.go:121.18,126.6 4 1
github.com/edgeobs/euno-platform/euno-go/pkg/config/loader.go:128.4,128.12 1 4
github.com/edgeobs/euno-platform/euno-go/pkg/config/loader.go:131.3,132.17 2 153
github.com/edgeobs/euno-platform/euno-go/pkg/config/loader.go:132.17,138.12 2 0
github.com/edgeobs/euno-platform/euno-go/pkg/config/loader.go:141.3,141.21 1 153
github.com/edgeobs/euno-platform/euno-go/pkg/config/loader.go:141.21,142.12 1 0
github.com/edgeobs/euno-platform/euno-go/pkg/config/loader.go:145.3,147.32 3 153
github.com/edgeobs/euno-platform/euno-go/pkg/config/loader.go:147.32,150.4 2 61
github.com/edgeobs/euno-platform/euno-go/pkg/config/loader.go:152.3,153.12 2 153
github.com/edgeobs/euno-platform/euno-go/pkg/config/loader.go:153.12,154.55 1 91
github.com/edgeobs/euno-platform/euno-go/pkg/config/loader.go:154.55,162.5 2 1
github.com/edgeobs/euno-platform/euno-go/pkg/config/loader.go:162.10,165.5 2 90
github.com/edgeobs/euno-platform/euno-go/pkg/config/loader.go:168.3,168.13 1 153
github.com/edgeobs/euno-platform/euno-go/pkg/config/loader.go:168.13,169.62 1 152
github.com/edgeobs/euno-platform/euno-go/pkg/config/loader.go:169.62,175.5 1 1
github.com/edgeobs/euno-platform/euno-go/pkg/config/loader.go:176.4,176.18 1 152
github.com/edgeobs/euno-platform/euno-go/pkg/config/loader.go:176.18,178.5 1 48
github.com/edgeobs/euno-platform/euno-go/pkg/config/loader.go:182.2,182.21 1 19
github.com/edgeobs/euno-platform/euno-go/pkg/config/tags.go:40.67,43.57 2 185
github.com/edgeobs/euno-platform/euno-go/pkg/config/tags.go:43.57,46.3 2 80
github.com/edgeobs/euno-platform/euno-go/pkg/config/tags.go:48.2,48.69 1 185
github.com/edgeobs/euno-platform/euno-go/pkg/config/tags.go:48.69,50.17 2 2
github.com/edgeobs/euno-platform/euno-go/pkg/config/tags.go:50.17,52.4 1 0
github.com/edgeobs/euno-platform/euno-go/pkg/config/tags.go:53.3,53.27 1 2
github.com/edgeobs/euno-platform/euno-go/pkg/config/tags.go:56.2,56.54 1 185
github.com/edgeobs/euno-platform/euno-go/pkg/config/tags.go:56.54,58.17 2 40
github.com/edgeobs/euno-platform/euno-go/pkg/config/tags.go:58.17,60.4 1 0
github.com/edgeobs/euno-platform/euno-go/pkg/config/tags.go:61.3,61.21 1 40
github.com/edgeobs/euno-platform/euno-go/pkg/config/tags.go:64.2,64.54 1 185
github.com/edgeobs/euno-platform/euno-go/pkg/config/tags.go:64.54,66.17 2 16
github.com/edgeobs/euno-platform/euno-go/pkg/config/tags.go:66.17,68.4 1 0
github.com/edgeobs/euno-platform/euno-go/pkg/config/tags.go:69.3,69.21 1 16
github.com/edgeobs/euno-platform/euno-go/pkg/config/tags.go:72.2,72.57 1 185
github.com/edgeobs/euno-platform/euno-go/pkg/config/tags.go:72.57,73.54 1 24
github.com/edgeobs/euno-platform/euno-go/pkg/config/tags.go:73.54,75.18 2 72
github.com/edgeobs/euno-platform/euno-go/pkg/config/tags.go:75.18,77.5 1 72
github.com/edgeobs/euno-platform/euno-go/pkg/config/tags.go:81.2,83.75 2 185
github.com/edgeobs/euno-platform/euno-go/pkg/config/tags.go:83.75,84.64 1 24
github.com/edgeobs/euno-platform/euno-go/pkg/config/tags.go:84.64,86.22 2 32
github.com/edgeobs/euno-platform/euno-go/pkg/config/tags.go:86.22,87.13 1 0
github.com/edgeobs/euno-platform/euno-go/pkg/config/tags.go:90.4,90.11 1 32
github.com/edgeobs/euno-platform/euno-go/pkg/config/tags.go:91.52,92.92 1 24
github.com/edgeobs/euno-platform/euno-go/pkg/config/tags.go:93.74,96.19 3 4
github.com/edgeobs/euno-platform/euno-go/pkg/config/tags.go:96.19,98.6 1 0
github.com/edgeobs/euno-platform/euno-go/pkg/config/tags.go:99.5,99.109 1 4
github.com/edgeobs/euno-platform/euno-go/pkg/config/tags.go:100.68,101.155 1 4
github.com/edgeobs/euno-platform/euno-go/pkg/config/tags.go:102.12,103.68 1 0
github.com/edgeobs/euno-platform/euno-go/pkg/config/tags.go:108.2,108.18 1 185
github.com/edgeobs/euno-platform/euno-go/pkg/config/tags.go:111.50,112.106 1 169
github.com/edgeobs/euno-platform/euno-go/pkg/config/tags.go:112.106,113.41 1 274
github.com/edgeobs/euno-platform/euno-go/pkg/config/tags.go:113.41,115.4 1 154
github.com/edgeobs/euno-platform/euno-go/pkg/config/tags.go:117.2,117.14 1 15
github.com/edgeobs/euno-platform/euno-go/pkg/config/tags.go:120.43,122.15 2 185
github.com/edgeobs/euno-platform/euno-go/pkg/config/tags.go:122.15,124.3 1 8
github.com/edgeobs/euno-platform/euno-go/pkg/config/tags.go:125.2,125.12 1 177
github.com/edgeobs/euno-platform/euno-go/pkg/config/validation.go:23.41,25.2 1 1
github.com/edgeobs/euno-platform/euno-go/pkg/config/validation.go:27.73,28.24 1 161
github.com/edgeobs/euno-platform/euno-go/pkg/config/validation.go:28.24,30.3 1 154
github.com/edgeobs/euno-platform/euno-go/pkg/config/validation.go:31.2,31.36 1 7
github.com/edgeobs/euno-platform/euno-go/pkg/config/validation.go:31.36,33.3 1 3
github.com/edgeobs/euno-platform/euno-go/pkg/config/validation.go:34.2,34.84 1 4
github.com/edgeobs/euno-platform/euno-go/pkg/config/validation.go:37.47,38.16 1 157
github.com/edgeobs/euno-platform/euno-go/pkg/config/validation.go:38.16,40.3 1 153
github.com/edgeobs/euno-platform/euno-go/pkg/config/validation.go:41.2,41.27 1 4
github.com/edgeobs/euno-platform/euno-go/pkg/config/validation.go:44.57,45.33 1 101
github.com/edgeobs/euno-platform/euno-go/pkg/config/validation.go:45.33,47.48 2 2
github.com/edgeobs/euno-platform/euno-go/pkg/config/validation.go:47.48,49.4 1 0
github.com/edgeobs/euno-platform/euno-go/pkg/config/validation.go:50.3,53.13 4 2
github.com/edgeobs/euno-platform/euno-go/pkg/config/validation.go:56.2,56.22 1 99
github.com/edgeobs/euno-platform/euno-go/pkg/config/validation.go:57.22,59.13 2 41
github.com/edgeobs/euno-platform/euno-go/pkg/config/validation.go:60.78,62.17 2 42
github.com/edgeobs/euno-platform/euno-go/pkg/config/validation.go:62.17,64.4 1 0
github.com/edgeobs/euno-platform/euno-go/pkg/config/validation.go:65.3,66.13 2 42
github.com/edgeobs/euno-platform/euno-go/pkg/config/validation.go:67.20,69.17 2 11
github.com/edgeobs/euno-platform/euno-go/pkg/config/validation.go:69.17,71.4 1 0
github.com/edgeobs/euno-platform/euno-go/pkg/config/validation.go:72.3,73.13 2 11
github.com/edgeobs/euno-platform/euno-go/pkg/config/validation.go:74.21,75.51 1 4
github.com/edgeobs/euno-platform/euno-go/pkg/config/validation.go:75.51,77.4 1 0
github.com/edgeobs/euno-platform/euno-go/pkg/config/validation.go:78.3,78.16 1 4
github.com/edgeobs/euno-platform/euno-go/pkg/config/validation.go:78.16,81.4 2 0
github.com/edgeobs/euno-platform/euno-go/pkg/config/validation.go:82.3,84.30 3 4
github.com/edgeobs/euno-platform/euno-go/pkg/config/validation.go:84.30,86.4 1 9
github.com/edgeobs/euno-platform/euno-go/pkg/config/validation.go:87.3,88.13 2 4
github.com/edgeobs/euno-platform/euno-go/pkg/config/validation.go:89.10,90.63 1 1
github.com/edgeobs/euno-platform/euno-go/pkg/config/validation.go:94.113,97.21 2 90
github.com/edgeobs/euno-platform/euno-go/pkg/config/validation.go:97.21,98.75 1 38
github.com/edgeobs/euno-platform/euno-go/pkg/config/validation.go:98.75,105.4 1 1
github.com/edgeobs/euno-platform/euno-go/pkg/config/validation.go:108.2,108.21 1 90
github.com/edgeobs/euno-platform/euno-go/pkg/config/validation.go:108.21,109.75 1 14
github.com/edgeobs/euno-platform/euno-go/pkg/config/validation.go:109.75,116.4 1 1
github.com/edgeobs/euno-platform/euno-go/pkg/config/validation.go:119.2,119.24 1 90
github.com/edgeobs/euno-platform/euno-go/pkg/config/validation.go:119.24,122.36 3 12
github.com/edgeobs/euno-platform/euno-go/pkg/config/validation.go:122.36,123.27 1 20
github.com/edgeobs/euno-platform/euno-go/pkg/config/validation.go:123.27,125.10 2 11
github.com/edgeobs/euno-platform/euno-go/pkg/config/validation.go:128.3,128.15 1 12
github.com/edgeobs/euno-platform/euno-go/pkg/config/validation.go:128.15,135.4 1 1
github.com/edgeobs/euno-platform/euno-go/pkg/config/validation.go:138.2,138.22 1 90
github.com/edgeobs/euno-platform/euno-go/pkg/config/validation.go:138.22,140.17 2 3
github.com/edgeobs/euno-platform/euno-go/pkg/config/validation.go:140.17,146.4 1 0
github.com/edgeobs/euno-platform/euno-go/pkg/config/validation.go:146.9,146.22 1 3
github.com/edgeobs/euno-platform/euno-go/pkg/config/validation.go:146.22,153.4 1 1
github.com/edgeobs/euno-platform/euno-go/pkg/config/validation.go:156.2,156.13 1 90
github.com/edgeobs/euno-platform/euno-go/pkg/config/validation.go:159.135,162.39 2 48
github.com/edgeobs/euno-platform/euno-go/pkg/config/validation.go:162.39,163.20 1 18
github.com/edgeobs/euno-platform/euno-go/pkg/config/validation.go:164.31,165.40 1 12
github.com/edgeobs/euno-platform/euno-go/pkg/config/validation.go:165.40,171.5 1 4
github.com/edgeobs/euno-platform/euno-go/pkg/config/validation.go:172.32,173.40 1 3
github.com/edgeobs/euno-platform/euno-go/pkg/config/validation.go:173.40,174.13 1 1
github.com/edgeobs/euno-platform/euno-go/pkg/config/validation.go:176.4,177.36 2 2
github.com/edgeobs/euno-platform/euno-go/pkg/config/validation.go:177.36,184.5 1 2
github.com/edgeobs/euno-platform/euno-go/pkg/config/validation.go:185.26,186.40 1 3
github.com/edgeobs/euno-platform/euno-go/pkg/config/validation.go:186.40,187.13 1 1
github.com/edgeobs/euno-platform/euno-go/pkg/config/validation.go:189.4,190.31 2 2
github.com/edgeobs/euno-platform/euno-go/pkg/config/validation.go:190.31,197.5 1 1
github.com/edgeobs/euno-platform/euno-go/pkg/config/validation.go:201.2,201.13 1 48
github.com/edgeobs/euno-platform/euno-go/pkg/config/validation.go:204.52,206.22 2 52
github.com/edgeobs/euno-platform/euno-go/pkg/config/validation.go:206.22,208.3 1 0
github.com/edgeobs/euno-platform/euno-go/pkg/config/validation.go:209.2,209.22 1 52
github.com/edgeobs/euno-platform/euno-go/pkg/config/validation.go:210.78,211.27 1 52
github.com/edgeobs/euno-platform/euno-go/pkg/config/validation.go:212.10,213.18 1 0
github.com/edgeobs/euno-platform/euno-go/pkg/config/validation.go:217.55,218.53 1 97
github.com/edgeobs/euno-platform/euno-go/pkg/config/validation.go:218.53,219.20 1 8
github.com/edgeobs/euno-platform/euno-go/pkg/config/validation.go:219.20,221.4 1 3
github.com/edgeobs/euno-platform/euno-go/pkg/config/validation.go:222.3,222.23 1 5
github.com/edgeobs/euno-platform/euno-go/pkg/config/validation.go:224.2,224.14 1 94
github.com/edgeobs/euno-platform/euno-go/pkg/config/validation.go:227.49,229.22 2 24
github.com/edgeobs/euno-platform/euno-go/pkg/config/validation.go:229.22,231.3 1 1
github.com/edgeobs/euno-platform/euno-go/pkg/config/validation.go:233.2,233.22 1 23
github.com/edgeobs/euno-platform/euno-go/pkg/config/validation.go:234.22,235.24 1 20
github.com/edgeobs/euno-platform/euno-go/pkg/config/validation.go:236.20,237.42 1 1
github.com/edgeobs/euno-platform/euno-go/pkg/config/validation.go:238.78,239.44 1 1
github.com/edgeobs/euno-platform/euno-go/pkg/config/validation.go:240.21,241.51 1 1
github.com/edgeobs/euno-platform/euno-go/pkg/config/validation.go:241.51,243.37 2 1
github.com/edgeobs/euno-platform/euno-go/pkg/config/validation.go:243.37,245.5 1 2
github.com/edgeobs/euno-platform/euno-go/pkg/config/validation.go:246.4,246.35 1 1
github.com/edgeobs/euno-platform/euno-go/pkg/config/validation.go:250.2,250.38 1 0
github.com/edgeobs/euno-platform/euno-go/pkg/config/validation.go:253.69,254.12 1 27
github.com/edgeobs/euno-platform/euno-go/pkg/config/validation.go:254.12,256.3 1 8
github.com/edgeobs/euno-platform/euno-go/pkg/config/validation.go:258.2,259.22 2 19
github.com/edgeobs/euno-platform/euno-go/pkg/config/validation.go:259.22,261.3 1 1
github.com/edgeobs/euno-platform/euno-go/pkg/config/validation.go:263.2,263.22 1 18
github.com/edgeobs/euno-platform/euno-go/pkg/config/validation.go:264.22,265.49 1 14
github.com/edgeobs/euno-platform/euno-go/pkg/config/validation.go:266.21,267.57 1 2
github.com/edgeobs/euno-platform/euno-go/pkg/config/validation.go:268.10,269.14 1 2
github.com/edgeobs/euno-platform/euno-go/pkg/config/validation.go:273.57,274.41 1 8
github.com/edgeobs/euno-platform/euno-go/pkg/config/validation.go:274.41,276.3 1 4
github.com/edgeobs/euno-platform/euno-go/pkg/config/validation.go:277.2,277.12 1 4
github.com/edgeobs/euno-platform/euno-go/pkg/config/validation.go:280.54,282.125 2 8
github.com/edgeobs/euno-platform/euno-go/pkg/config/validation.go:282.125,283.39 1 43
github.com/edgeobs/euno-platform/euno-go/pkg/config/validation.go:283.39,285.4 1 4
github.com/edgeobs/euno-platform/euno-go/pkg/config/validation.go:287.2,287.14 1 4
github.com/edgeobs/euno-platform/euno-go/pkg/observability/logging.go:31.44,32.23 1 5
github.com/edgeobs/euno-platform/euno-go/pkg/observability/logging.go:32.23,34.3 1 0
github.com/edgeobs/euno-platform/euno-go/pkg/observability/logging.go:35.2,35.22 1 5
github.com/edgeobs/euno-platform/euno-go/pkg/observability/logging.go:35.22,37.3 1 4
github.com/edgeobs/euno-platform/euno-go/pkg/observability/logging.go:38.2,38.21 1 5
github.com/edgeobs/euno-platform/euno-go/pkg/observability/logging.go:38.21,40.3 1 4
github.com/edgeobs/euno-platform/euno-go/pkg/observability/logging.go:42.2,49.37 4 5
github.com/edgeobs/euno-platform/euno-go/pkg/observability/logging.go:50.14,51.50 1 1
github.com/edgeobs/euno-platform/euno-go/pkg/observability/logging.go:52.10,53.50 1 4
github.com/edgeobs/euno-platform/euno-go/pkg/observability/logging.go:56.2,57.27 2 5
github.com/edgeobs/euno-platform/euno-go/pkg/observability/logging.go:57.27,59.3 1 1
github.com/edgeobs/euno-platform/euno-go/pkg/observability/logging.go:60.2,60.23 1 5
github.com/edgeobs/euno-platform/euno-go/pkg/observability/logging.go:60.23,62.3 1 1
github.com/edgeobs/euno-platform/euno-go/pkg/observability/logging.go:63.2,63.20 1 5
github.com/edgeobs/euno-platform/euno-go/pkg/observability/logging.go:63.20,65.3 1 1
github.com/edgeobs/euno-platform/euno-go/pkg/observability/logging.go:67.2,67.26 1 5
github.com/edgeobs/euno-platform/euno-go/pkg/observability/logging.go:70.38,71.28 1 13
github.com/edgeobs/euno-platform/euno-go/pkg/observability/logging.go:72.15,73.25 1 2
github.com/edgeobs/euno-platform/euno-go/pkg/observability/logging.go:74.25,75.24 1 3
github.com/edgeobs/euno-platform/euno-go/pkg/observability/logging.go:76.15,77.25 1 1
github.com/edgeobs/euno-platform/euno-go/pkg/observability/logging.go:78.10,79.24 1 7
github.com/edgeobs/euno-platform/euno-go/pkg/observability/metrics.go:18.71,24.2 1 4
github.com/edgeobs/euno-platform/euno-go/pkg/observability/metrics.go:27.98,36.2 3 2
github.com/edgeobs/euno-platform/euno-go/pkg/observability/metrics.go:39.121,49.2 3 2
github.com/edgeobs/euno-platform/euno-go/pkg/observability/metrics.go:52.94,61.2 3 1
github.com/edgeobs/euno-platform/euno-go/pkg/observability/middleware.go:25.63,27.2 1 3
github.com/edgeobs/euno-platform/euno-go/pkg/observability/middleware.go:29.49,32.2 2 3
github.com/edgeobs/euno-platform/euno-go/pkg/observability/middleware.go:34.56,38.2 3 2
github.com/edgeobs/euno-platform/euno-go/pkg/observability/middleware.go:41.74,42.46 1 1
github.com/edgeobs/euno-platform/euno-go/pkg/observability/middleware.go:42.46,43.72 1 1
github.com/edgeobs/euno-platform/euno-go/pkg/observability/middleware.go:43.72,58.4 5 1
github.com/edgeobs/euno-platform/euno-go/pkg/observability/middleware.go:63.132,64.46 1 1
github.com/edgeobs/euno-platform/euno-go/pkg/observability/middleware.go:64.46,65.72 1 1
github.com/edgeobs/euno-platform/euno-go/pkg/observability/middleware.go:65.72,76.4 7 1
github.com/edgeobs/euno-platform/euno-go/pkg/observability/middleware.go:81.75,85.46 3 1
github.com/edgeobs/euno-platform/euno-go/pkg/observability/middleware.go:85.46,86.72 1 1
github.com/edgeobs/euno-platform/euno-go/pkg/observability/middleware.go:86.72,98.4 4 1
github.com/edgeobs/euno-platform/euno-go/pkg/observability/tracing.go:34.94,35.24 1 1
github.com/edgeobs/euno-platform/euno-go/pkg/observability/tracing.go:35.24,41.38 3 1
github.com/edgeobs/euno-platform/euno-go/pkg/observability/tracing.go:41.38,41.52 1 1
github.com/edgeobs/euno-platform/euno-go/pkg/observability/tracing.go:44.2,44.26 1 0
github.com/edgeobs/euno-platform/euno-go/pkg/observability/tracing.go:44.26,46.3 1 0
github.com/edgeobs/euno-platform/euno-go/pkg/observability/tracing.go:48.2,51.18 2 0
github.com/edgeobs/euno-platform/euno-go/pkg/observability/tracing.go:51.18,53.3 1 0
github.com/edgeobs/euno-platform/euno-go/pkg/observability/tracing.go:55.2,56.16 2 0
github.com/edgeobs/euno-platform/euno-go/pkg/observability/tracing.go:56.16,58.3 1 0
github.com/edgeobs/euno-platform/euno-go/pkg/observability/tracing.go:60.2,68.16 2 0
github.com/edgeobs/euno-platform/euno-go/pkg/observability/tracing.go:68.16,70.3 1 0
github.com/edgeobs/euno-platform/euno-go/pkg/observability/tracing.go:72.2,84.25 4 0
github.com/edgeobs/euno-platform/euno-go/pkg/testutil/clock.go:35.43,37.2 1 6
github.com/edgeobs/euno-platform/euno-go/pkg/testutil/clock.go:40.38,44.2 3 8
github.com/edgeobs/euno-platform/euno-go/pkg/testutil/clock.go:47.55,49.2 1 5
github.com/edgeobs/euno-platform/euno-go/pkg/testutil/clock.go:52.62,58.29 5 2
github.com/edgeobs/euno-platform/euno-go/pkg/testutil/clock.go:58.29,61.3 2 1
github.com/edgeobs/euno-platform/euno-go/pkg/testutil/clock.go:63.2,64.11 2 1
github.com/edgeobs/euno-platform/euno-go/pkg/testutil/clock.go:68.47,74.2 4 3
github.com/edgeobs/euno-platform/euno-go/pkg/testutil/clock.go:77.39,83.2 4 1
github.com/edgeobs/euno-platform/euno-go/pkg/testutil/clock.go:86.38,88.2 1 1
github.com/edgeobs/euno-platform/euno-go/pkg/testutil/clock.go:91.55,93.2 1 0
github.com/edgeobs/euno-platform/euno-go/pkg/testutil/clock.go:96.62,98.2 1 0
github.com/edgeobs/euno-platform/euno-go/pkg/testutil/clock.go:100.52,102.36 2 4
github.com/edgeobs/euno-platform/euno-go/pkg/testutil/clock.go:102.36,103.36 1 2
github.com/edgeobs/euno-platform/euno-go/pkg/testutil/clock.go:103.36,105.12 2 1
github.com/edgeobs/euno-platform/euno-go/pkg/testutil/clock.go:107.3,107.22 1 1
github.com/edgeobs/euno-platform/euno-go/pkg/testutil/clock.go:109.2,109.22 1 4
github.com/edgeobs/euno-platform/euno-go/pkg/testutil/httpserver.go:19.68,26.2 5 1
github.com/edgeobs/euno-platform/euno-go/pkg/testutil/httpserver.go:29.71,36.2 5 0
github.com/edgeobs/euno-platform/euno-go/pkg/testutil/httpserver.go:39.40,41.2 1 1
github.com/edgeobs/euno-platform/euno-go/pkg/testutil/signer.go:35.83,37.16 2 3
github.com/edgeobs/euno-platform/euno-go/pkg/testutil/signer.go:37.16,38.50 1 0
github.com/edgeobs/euno-platform/euno-go/pkg/testutil/signer.go:41.2,44.50 1 3
github.com/edgeobs/euno-platform/euno-go/pkg/testutil/signer.go:44.50,46.5 1 2
github.com/edgeobs/euno-platform/euno-go/pkg/testutil/signer.go:50.53,52.5 1 1
github.com/edgeobs/euno-platform/euno-go/pkg/testutil/signer.go:57.85,59.16 2 3
github.com/edgeobs/euno-platform/euno-go/pkg/testutil/signer.go:59.16,60.52 1 0
github.com/edgeobs/euno-platform/euno-go/pkg/testutil/signer.go:63.2,66.50 1 3
github.com/edgeobs/euno-platform/euno-go/pkg/testutil/signer.go:66.50,68.5 1 1
github.com/edgeobs/euno-platform/euno-go/pkg/testutil/signer.go:72.53,73.68 1 2
github.com/edgeobs/euno-platform/euno-go/pkg/testutil/signer.go:73.68,75.6 1 1
github.com/edgeobs/euno-platform/euno-go/pkg/testutil/signer.go:76.5,76.15 1 1
github.com/edgeobs/euno-platform/euno-go/pkg/testutil/signer.go:82.85,84.16 2 3
github.com/edgeobs/euno-platform/euno-go/pkg/testutil/signer.go:84.16,85.54 1 0
github.com/edgeobs/euno-platform/euno-go/pkg/testutil/signer.go:88.2,91.50 1 3
github.com/edgeobs/euno-platform/euno-go/pkg/testutil/signer.go:91.50,93.5 1 1
github.com/edgeobs/euno-platform/euno-go/pkg/testutil/signer.go:97.53,98.54 1 2
github.com/edgeobs/euno-platform/euno-go/pkg/testutil/signer.go:98.54,100.6 1 1
github.com/edgeobs/euno-platform/euno-go/pkg/testutil/signer.go:101.5,101.15 1 1
github.com/edgeobs/euno-platform/euno-go/pkg/testutil/signer.go:106.83,107.34 1 4
github.com/edgeobs/euno-platform/euno-go/pkg/testutil/signer.go:107.34,109.3 1 0
github.com/edgeobs/euno-platform/euno-go/pkg/testutil/signer.go:110.2,110.27 1 4
github.com/edgeobs/euno-platform/euno-go/pkg/testutil/signer.go:113.59,115.2 1 3
github.com/edgeobs/euno-platform/euno-go/pkg/testutil/signer.go:117.41,119.2 1 3
github.com/edgeobs/euno-platform/euno-go/pkg/testutil/signer.go:121.88,122.34 1 5
github.com/edgeobs/euno-platform/euno-go/pkg/testutil/signer.go:122.34,124.3 1 0
github.com/edgeobs/euno-platform/euno-go/pkg/testutil/signer.go:125.2,125.40 1 5
github.com/edgeobs/euno-platform/euno-go/pkg/testutil/signer.go:128.61,130.2 1 3
github.com/edgeobs/euno-platform/euno-go/pkg/testutil/signer.go:132.43,134.2 1 3
github.com/edgeobs/euno-platform/euno-go/pkg/crypto/kms_stub.go:24.79,30.2 1 5
github.com/edgeobs/euno-platform/euno-go/pkg/crypto/kms_stub.go:33.76,34.34 1 2
github.com/edgeobs/euno-platform/euno-go/pkg/crypto/kms_stub.go:34.34,36.3 1 1
github.com/edgeobs/euno-platform/euno-go/pkg/crypto/kms_stub.go:37.2,37.34 1 1
github.com/edgeobs/euno-platform/euno-go/pkg/crypto/kms_stub.go:41.46,43.2 1 2
github.com/edgeobs/euno-platform/euno-go/pkg/crypto/kms_stub.go:46.39,48.2 1 2
github.com/edgeobs/euno-platform/euno-go/pkg/crypto/kms_stub.go:59.109,66.2 1 6
github.com/edgeobs/euno-platform/euno-go/pkg/crypto/kms_stub.go:69.83,70.34 1 2
github.com/edgeobs/euno-platform/euno-go/pkg/crypto/kms_stub.go:70.34,72.3 1 1
github.com/edgeobs/euno-platform/euno-go/pkg/crypto/kms_stub.go:73.2,73.34 1 1
github.com/edgeobs/euno-platform/euno-go/pkg/crypto/kms_stub.go:77.53,79.2 1 3
github.com/edgeobs/euno-platform/euno-go/pkg/crypto/kms_stub.go:82.46,84.24 2 3
github.com/edgeobs/euno-platform/euno-go/pkg/crypto/kms_stub.go:84.24,86.3 1 1
github.com/edgeobs/euno-platform/euno-go/pkg/crypto/kms_stub.go:87.2,87.72 1 2
github.com/edgeobs/euno-platform/euno-go/pkg/crypto/kms_stub.go:101.139,110.2 1 6
github.com/edgeobs/euno-platform/euno-go/pkg/crypto/kms_stub.go:113.81,114.34 1 2
github.com/edgeobs/euno-platform/euno-go/pkg/crypto/kms_stub.go:114.34,116.3 1 1
github.com/edgeobs/euno-platform/euno-go/pkg/crypto/kms_stub.go:117.2,117.34 1 1
github.com/edgeobs/euno-platform/euno-go/pkg/crypto/kms_stub.go:121.51,123.2 1 3
github.com/edgeobs/euno-platform/euno-go/pkg/crypto/kms_stub.go:126.44,127.30 1 3
github.com/edgeobs/euno-platform/euno-go/pkg/crypto/kms_stub.go:127.30,135.3 1 1
github.com/edgeobs/euno-platform/euno-go/pkg/crypto/kms_stub.go:136.2,143.3 1 2
github.com/edgeobs/euno-platform/euno-go/pkg/crypto/software.go:39.108,41.16 2 18
github.com/edgeobs/euno-platform/euno-go/pkg/crypto/software.go:41.16,43.3 1 1
github.com/edgeobs/euno-platform/euno-go/pkg/crypto/software.go:45.2,45.21 1 17
github.com/edgeobs/euno-platform/euno-go/pkg/crypto/software.go:45.21,47.17 2 3
github.com/edgeobs/euno-platform/euno-go/pkg/crypto/software.go:47.17,49.4 1 0
github.com/edgeobs/euno-platform/euno-go/pkg/crypto/software.go:52.2,52.78 1 17
github.com/edgeobs/euno-platform/euno-go/pkg/crypto/software.go:52.78,54.3 1 0
github.com/edgeobs/euno-platform/euno-go/pkg/crypto/software.go:56.2,60.8 1 17
github.com/edgeobs/euno-platform/euno-go/pkg/crypto/software.go:64.48,66.2 1 5
github.com/edgeobs/euno-platform/euno-go/pkg/crypto/software.go:69.41,71.2 1 2
github.com/edgeobs/euno-platform/euno-go/pkg/crypto/software.go:77.83,78.34 1 13
github.com/edgeobs/euno-platform/euno-go/pkg/crypto/software.go:78.34,80.3 1 1
github.com/edgeobs/euno-platform/euno-go/pkg/crypto/software.go:82.2,82.36 1 12
github.com/edgeobs/euno-platform/euno-go/pkg/crypto/software.go:83.23,85.17 2 6
github.com/edgeobs/euno-platform/euno-go/pkg/crypto/software.go:85.17,87.4 1 0
github.com/edgeobs/euno-platform/euno-go/pkg/crypto/software.go:89.3,89.22 1 6
github.com/edgeobs/euno-platform/euno-go/pkg/crypto/software.go:90.28,91.59 1 2
github.com/edgeobs/euno-platform/euno-go/pkg/crypto/software.go:92.28,96.6 1 4
github.com/edgeobs/euno-platform/euno-go/pkg/crypto/software.go:97.11,98.71 1 0
github.com/edgeobs/euno-platform/euno-go/pkg/crypto/software.go:100.25,102.17 2 5
github.com/edgeobs/euno-platform/euno-go/pkg/crypto/software.go:102.17,104.4 1 0
github.com/edgeobs/euno-platform/euno-go/pkg/crypto/software.go:106.3,107.17 2 5
github.com/edgeobs/euno-platform/euno-go/pkg/crypto/software.go:107.17,109.4 1 0
github.com/edgeobs/euno-platform/euno-go/pkg/crypto/software.go:111.3,111.51 1 5
github.com/edgeobs/euno-platform/euno-go/pkg/crypto/software.go:112.26,113.27 1 1
github.com/edgeobs/euno-platform/euno-go/pkg/crypto/software.go:113.27,115.4 1 0
github.com/edgeobs/euno-platform/euno-go/pkg/crypto/software.go:116.3,116.40 1 1
github.com/edgeobs/euno-platform/euno-go/pkg/crypto/software.go:117.10,118.74 1 0
github.com/edgeobs/euno-platform/euno-go/pkg/crypto/software.go:123.64,125.16 2 3
github.com/edgeobs/euno-platform/euno-go/pkg/crypto/software.go:125.16,127.3 1 0
github.com/edgeobs/euno-platform/euno-go/pkg/crypto/software.go:129.2,133.8 1 3
github.com/edgeobs/euno-platform/euno-go/pkg/crypto/software.go:144.112,146.16 2 12
github.com/edgeobs/euno-platform/euno-go/pkg/crypto/software.go:146.16,148.3 1 1
github.com/edgeobs/euno-platform/euno-go/pkg/crypto/software.go:150.2,150.21 1 11
github.com/edgeobs/euno-platform/euno-go/pkg/crypto/software.go:150.21,152.17 2 1
github.com/edgeobs/euno-platform/euno-go/pkg/crypto/software.go:152.17,154.4 1 0
github.com/edgeobs/euno-platform/euno-go/pkg/crypto/software.go:157.2,157.76 1 11
github.com/edgeobs/euno-platform/euno-go/pkg/crypto/software.go:157.76,159.3 1 0
github.com/edgeobs/euno-platform/euno-go/pkg/crypto/software.go:161.2,165.8 1 11
github.com/edgeobs/euno-platform/euno-go/pkg/crypto/software.go:169.50,171.2 1 3
github.com/edgeobs/euno-platform/euno-go/pkg/crypto/software.go:174.43,176.2 1 2
github.com/edgeobs/euno-platform/euno-go/pkg/crypto/software.go:179.88,180.34 1 13
github.com/edgeobs/euno-platform/euno-go/pkg/crypto/software.go:180.34,182.3 1 1
github.com/edgeobs/euno-platform/euno-go/pkg/crypto/software.go:184.2,184.35 1 12
github.com/edgeobs/euno-platform/euno-go/pkg/crypto/software.go:185.22,187.17 2 6
github.com/edgeobs/euno-platform/euno-go/pkg/crypto/software.go:187.17,189.4 1 0
github.com/edgeobs/euno-platform/euno-go/pkg/crypto/software.go:191.3,191.22 1 6
github.com/edgeobs/euno-platform/euno-go/pkg/crypto/software.go:192.28,193.59 1 2
github.com/edgeobs/euno-platform/euno-go/pkg/crypto/software.go:194.28,198.6 1 4
github.com/edgeobs/euno-platform/euno-go/pkg/crypto/software.go:199.11,200.66 1 0
github.com/edgeobs/euno-platform/euno-go/pkg/crypto/software.go:202.24,204.17 2 5
github.com/edgeobs/euno-platform/euno-go/pkg/crypto/software.go:204.17,206.4 1 0
github.com/edgeobs/euno-platform/euno-go/pkg/crypto/software.go:208.3,209.17 2 5
github.com/edgeobs/euno-platform/euno-go/pkg/crypto/software.go:209.17,211.4 1 0
github.com/edgeobs/euno-platform/euno-go/pkg/crypto/software.go:212.3,212.52 1 5
github.com/edgeobs/euno-platform/euno-go/pkg/crypto/software.go:212.52,214.4 1 1
github.com/edgeobs/euno-platform/euno-go/pkg/crypto/software.go:215.3,215.13 1 4
github.com/edgeobs/euno-platform/euno-go/pkg/crypto/software.go:216.25,217.27 1 1
github.com/edgeobs/euno-platform/euno-go/pkg/crypto/software.go:217.27,219.4 1 0
github.com/edgeobs/euno-platform/euno-go/pkg/crypto/software.go:220.3,220.46 1 1
github.com/edgeobs/euno-platform/euno-go/pkg/crypto/software.go:220.46,222.4 1 0
github.com/edgeobs/euno-platform/euno-go/pkg/crypto/software.go:223.3,223.13 1 1
github.com/edgeobs/euno-platform/euno-go/pkg/crypto/software.go:224.10,225.67 1 0
github.com/edgeobs/euno-platform/euno-go/pkg/crypto/software.go:229.72,231.24 2 20
github.com/edgeobs/euno-platform/euno-go/pkg/crypto/software.go:231.24,233.19 2 20
github.com/edgeobs/euno-platform/euno-go/pkg/crypto/software.go:233.19,234.9 1 1
github.com/edgeobs/euno-platform/euno-go/pkg/crypto/software.go:236.3,238.21 2 19
github.com/edgeobs/euno-platform/euno-go/pkg/crypto/software.go:239.22,241.18 2 3
github.com/edgeobs/euno-platform/euno-go/pkg/crypto/software.go:241.18,243.5 1 3
github.com/edgeobs/euno-platform/euno-go/pkg/crypto/software.go:244.4,244.17 1 0
github.com/edgeobs/euno-platform/euno-go/pkg/crypto/software.go:245.26,247.18 2 8
github.com/edgeobs/euno-platform/euno-go/pkg/crypto/software.go:247.18,249.5 1 8
github.com/edgeobs/euno-platform/euno-go/pkg/crypto/software.go:250.4,250.17 1 0
github.com/edgeobs/euno-platform/euno-go/pkg/crypto/software.go:251.25,253.18 2 7
github.com/edgeobs/euno-platform/euno-go/pkg/crypto/software.go:253.18,255.5 1 7
github.com/edgeobs/euno-platform/euno-go/pkg/crypto/software.go:256.4,256.17 1 0
github.com/edgeobs/euno-platform/euno-go/pkg/crypto/software.go:257.11,259.18 2 1
github.com/edgeobs/euno-platform/euno-go/pkg/crypto/software.go:259.18,261.5 1 1
github.com/edgeobs/euno-platform/euno-go/pkg/crypto/software.go:262.4,262.17 1 0
github.com/edgeobs/euno-platform/euno-go/pkg/crypto/software.go:266.2,266.20 1 1
github.com/edgeobs/euno-platform/euno-go/pkg/crypto/software.go:266.20,268.3 1 0
github.com/edgeobs/euno-platform/euno-go/pkg/crypto/software.go:270.2,270.71 1 1
github.com/edgeobs/euno-platform/euno-go/pkg/crypto/software.go:273.70,275.24 2 17
github.com/edgeobs/euno-platform/euno-go/pkg/crypto/software.go:275.24,277.19 2 17
github.com/edgeobs/euno-platform/euno-go/pkg/crypto/software.go:277.19,278.9 1 1
github.com/edgeobs/euno-platform/euno-go/pkg/crypto/software.go:280.3,282.21 2 16
github.com/edgeobs/euno-platform/euno-go/pkg/crypto/software.go:283.21,285.18 2 13
github.com/edgeobs/euno-platform/euno-go/pkg/crypto/software.go:285.18,287.5 1 13
github.com/edgeobs/euno-platform/euno-go/pkg/crypto/software.go:288.4,288.17 1 0
github.com/edgeobs/euno-platform/euno-go/pkg/crypto/software.go:289.25,291.18 2 1
github.com/edgeobs/euno-platform/euno-go/pkg/crypto/software.go:291.18,293.5 1 1
github.com/edgeobs/euno-platform/euno-go/pkg/crypto/software.go:294.4,294.17 1 0
github.com/edgeobs/euno-platform/euno-go/pkg/crypto/software.go:295.22,297.18 2 1
github.com/edgeobs/euno-platform/euno-go/pkg/crypto/software.go:297.18,299.5 1 1
github.com/edgeobs/euno-platform/euno-go/pkg/crypto/software.go:300.4,300.17 1 0
github.com/edgeobs/euno-platform/euno-go/pkg/crypto/software.go:301.11,303.18 2 1
github.com/edgeobs/euno-platform/euno-go/pkg/crypto/software.go:303.18,305.5 1 1
github.com/edgeobs/euno-platform/euno-go/pkg/crypto/software.go:306.4,306.17 1 0
github.com/edgeobs/euno-platform/euno-go/pkg/crypto/software.go:310.2,310.20 1 1
github.com/edgeobs/euno-platform/euno-go/pkg/crypto/software.go:310.20,312.3 1 0
github.com/edgeobs/euno-platform/euno-go/pkg/crypto/software.go:314.2,314.69 1 1
github.com/edgeobs/euno-platform/euno-go/pkg/crypto/software.go:317.92,318.34 1 6
github.com/edgeobs/euno-platform/euno-go/pkg/crypto/software.go:319.23,320.29 1 2
github.com/edgeobs/euno-platform/euno-go/pkg/crypto/software.go:321.25,322.29 1 3
github.com/edgeobs/euno-platform/euno-go/pkg/crypto/software.go:323.26,324.27 1 1
github.com/edgeobs/euno-platform/euno-go/pkg/crypto/software.go:325.10,326.72 1 0
github.com/edgeobs/euno-platform/euno-go/pkg/crypto/software.go:330.88,331.34 1 5
github.com/edgeobs/euno-platform/euno-go/pkg/crypto/software.go:332.23,333.20 1 2
github.com/edgeobs/euno-platform/euno-go/pkg/crypto/software.go:334.25,335.45 1 2
github.com/edgeobs/euno-platform/euno-go/pkg/crypto/software.go:336.26,337.20 1 1
github.com/edgeobs/euno-platform/euno-go/pkg/crypto/software.go:338.10,339.71 1 0
github.com/edgeobs/euno-platform/euno-go/pkg/crypto/software.go:343.85,344.33 1 5
github.com/edgeobs/euno-platform/euno-go/pkg/crypto/software.go:345.22,346.20 1 2
github.com/edgeobs/euno-platform/euno-go/pkg/crypto/software.go:347.24,348.45 1 1
github.com/edgeobs/euno-platform/euno-go/pkg/crypto/software.go:349.25,350.20 1 2
github.com/edgeobs/euno-platform/euno-go/pkg/crypto/software.go:351.10,352.69 1 0
github.com/edgeobs/euno-platform/euno-go/pkg/crypto/software.go:356.72,357.15 1 7
github.com/edgeobs/euno-platform/euno-go/pkg/crypto/software.go:358.23,359.20 1 2
github.com/edgeobs/euno-platform/euno-go/pkg/crypto/software.go:360.23,361.20 1 2
github.com/edgeobs/euno-platform/euno-go/pkg/crypto/software.go:362.23,363.20 1 2
github.com/edgeobs/euno-platform/euno-go/pkg/crypto/software.go:364.10,365.75 1 1
github.com/edgeobs/euno-platform/euno-go/pkg/crypto/software.go:369.97,370.34 1 23
github.com/edgeobs/euno-platform/euno-go/pkg/crypto/software.go:371.23,372.32 1 10
github.com/edgeobs/euno-platform/euno-go/pkg/crypto/software.go:372.32,374.4 1 9
github.com/edgeobs/euno-platform/euno-go/pkg/crypto/software.go:375.3,375.84 1 1
github.com/edgeobs/euno-platform/euno-go/pkg/crypto/software.go:376.25,377.57 1 9
github.com/edgeobs/euno-platform/euno-go/pkg/crypto/software.go:378.26,379.25 1 4
github.com/edgeobs/euno-platform/euno-go/pkg/crypto/software.go:379.25,381.4 1 3
github.com/edgeobs/euno-platform/euno-go/pkg/crypto/software.go:382.3,382.88 1 1
github.com/edgeobs/euno-platform/euno-go/pkg/crypto/software.go:383.10,384.67 1 0
github.com/edgeobs/euno-platform/euno-go/pkg/crypto/software.go:388.94,389.33 1 17
github.com/edgeobs/euno-platform/euno-go/pkg/crypto/software.go:390.22,391.32 1 8
github.com/edgeobs/euno-platform/euno-go/pkg/crypto/software.go:391.32,393.4 1 7
github.com/edgeobs/euno-platform/euno-go/pkg/crypto/software.go:394.3,394.83 1 1
github.com/edgeobs/euno-platform/euno-go/pkg/crypto/software.go:395.24,396.57 1 6
github.com/edgeobs/euno-platform/euno-go/pkg/crypto/software.go:397.25,398.25 1 3
github.com/edgeobs/euno-platform/euno-go/pkg/crypto/software.go:398.25,400.4 1 2
github.com/edgeobs/euno-platform/euno-go/pkg/crypto/software.go:401.3,401.87 1 1
github.com/edgeobs/euno-platform/euno-go/pkg/crypto/software.go:402.10,403.65 1 0
github.com/edgeobs/euno-platform/euno-go/pkg/crypto/software.go:407.81,408.15 1 15
github.com/edgeobs/euno-platform/euno-go/pkg/crypto/software.go:409.23,410.25 1 9
github.com/edgeobs/euno-platform/euno-go/pkg/crypto/software.go:410.25,412.4 1 7
github.com/edgeobs/euno-platform/euno-go/pkg/crypto/software.go:413.23,414.25 1 3
github.com/edgeobs/euno-platform/euno-go/pkg/crypto/software.go:414.25,416.4 1 3
github.com/edgeobs/euno-platform/euno-go/pkg/crypto/software.go:417.23,418.25 1 3
github.com/edgeobs/euno-platform/euno-go/pkg/crypto/software.go:418.25,420.4 1 3
github.com/edgeobs/euno-platform/euno-go/pkg/crypto/software.go:421.10,422.71 1 0
github.com/edgeobs/euno-platform/euno-go/pkg/crypto/software.go:425.2,425.25 1 2
github.com/edgeobs/euno-platform/euno-go/pkg/crypto/software.go:425.25,427.3 1 1
github.com/edgeobs/euno-platform/euno-go/pkg/crypto/software.go:429.2,429.103 1 1
github.com/edgeobs/euno-platform/euno-go/pkg/crypto/software.go:432.47,433.19 1 20
github.com/edgeobs/euno-platform/euno-go/pkg/crypto/software.go:434.48,435.14 1 17
github.com/edgeobs/euno-platform/euno-go/pkg/crypto/software.go:436.10,437.15 1 3
github.com/edgeobs/euno-platform/euno-go/pkg/crypto/software.go:441.68,442.19 1 23
github.com/edgeobs/euno-platform/euno-go/pkg/crypto/software.go:443.27,444.31 1 11
github.com/edgeobs/euno-platform/euno-go/pkg/crypto/software.go:445.27,446.31 1 5
github.com/edgeobs/euno-platform/euno-go/pkg/crypto/software.go:447.27,448.31 1 5
github.com/edgeobs/euno-platform/euno-go/pkg/crypto/software.go:449.10,450.83 1 2
github.com/edgeobs/euno-platform/euno-go/pkg/crypto/software.go:454.60,455.19 1 12
github.com/edgeobs/euno-platform/euno-go/pkg/crypto/software.go:456.13,457.17 1 4
github.com/edgeobs/euno-platform/euno-go/pkg/crypto/software.go:458.13,459.17 1 4
github.com/edgeobs/euno-platform/euno-go/pkg/crypto/software.go:460.13,461.17 1 2
github.com/edgeobs/euno-platform/euno-go/pkg/crypto/software.go:462.14,463.73 1 1
github.com/edgeobs/euno-platform/euno-go/pkg/crypto/software.go:464.10,465.76 1 1
github.com/edgeobs/euno-platform/euno-go/pkg/crypto/software.go:469.75,471.72 2 7
github.com/edgeobs/euno-platform/euno-go/pkg/crypto/software.go:471.72,473.3 1 0
github.com/edgeobs/euno-platform/euno-go/pkg/crypto/software.go:473.8,473.27 1 7
github.com/edgeobs/euno-platform/euno-go/pkg/crypto/software.go:473.27,475.3 1 1
github.com/edgeobs/euno-platform/euno-go/pkg/crypto/software.go:477.2,477.46 1 6
github.com/edgeobs/euno-platform/euno-go/pkg/crypto/software.go:477.46,479.3 1 0
github.com/edgeobs/euno-platform/euno-go/pkg/crypto/software.go:481.2,483.46 3 6
github.com/edgeobs/euno-platform/euno-go/pkg/crypto/software.go:483.46,485.3 1 1
github.com/edgeobs/euno-platform/euno-go/pkg/crypto/software.go:487.2,490.27 4 5
github.com/edgeobs/euno-platform/euno-go/pkg/crypto/software.go:493.77,494.34 1 7
github.com/edgeobs/euno-platform/euno-go/pkg/crypto/software.go:494.34,496.3 1 2
github.com/edgeobs/euno-platform/euno-go/pkg/crypto/software.go:498.2,502.16 2 5
github.com/edgeobs/euno-platform/euno-go/pkg/crypto/software.go:502.16,504.3 1 0
github.com/edgeobs/euno-platform/euno-go/pkg/crypto/software.go:505.2,505.27 1 5
